::1 - - [02/Sep/2019:18:02:59 +0000] "GET / HTTP/1.1" 200 360
::1 - - [02/Sep/2019:18:02:59 +0000] "GET /robots.txt HTTP/1.1" 200 360
::1 - - [02/Sep/2019:18:02:59 +0000] "GET /js/app.js HTTP/1.1" 200 360
::1 - - [02/Sep/2019:18:02:59 +0000] "GET /favicon.ico HTTP/1.1" 200 360
::1 - - [02/Sep/2019:18:04:11 +0000] "GET / HTTP/1.1" 200 360
::1 - - [02/Sep/2019:18:04:11 +0000] "GET /js/app.js HTTP/1.1" 200 360
::1 - - [02/Sep/2019:18:04:11 +0000] "GET /favicon.ico HTTP/1.1" 200 360
::1 - - [02/Sep/2019:18:04:31 +0000] "GET / HTTP/1.1" 200 360
::1 - - [02/Sep/2019:18:04:31 +0000] "GET /js/app.js HTTP/1.1" 200 360
::1 - - [02/Sep/2019:18:04:31 +0000] "GET /favicon.ico HTTP/1.1" 200 360
::1 - - [02/Sep/2019:18:05:24 +0000] "GET / HTTP/1.1" 200 365
::1 - - [02/Sep/2019:18:05:24 +0000] "GET /dis/js/app.js HTTP/1.1" 200 365
::1 - - [02/Sep/2019:18:05:24 +0000] "GET /favicon.ico HTTP/1.1" 200 365
::1 - - [02/Sep/2019:18:05:29 +0000] "GET / HTTP/1.1" 200 365
::1 - - [02/Sep/2019:18:05:29 +0000] "GET /dis/js/app.js HTTP/1.1" 200 365
::1 - - [02/Sep/2019:18:05:29 +0000] "GET /favicon.ico HTTP/1.1" 200 365
::1 - - [02/Sep/2019:18:06:29 +0000] "GET / HTTP/1.1" 200 365
::1 - - [02/Sep/2019:18:06:29 +0000] "GET /dis/js/app.js HTTP/1.1" 200 365
::1 - - [02/Sep/2019:18:06:29 +0000] "GET /favicon.ico HTTP/1.1" 200 365
::1 - - [02/Sep/2019:18:07:02 +0000] "GET / HTTP/1.1" 200 360
::1 - - [02/Sep/2019:18:07:02 +0000] "GET /js/app.js HTTP/1.1" 200 15360014
::1 - - [02/Sep/2019:18:07:03 +0000] "GET /login/login.html HTTP/1.1" 200 1188
::1 - - [02/Sep/2019:18:07:03 +0000] "GET /src/img/WL-Logo-Hosrizontal.png HTTP/1.1" 200 360
::1 - - [02/Sep/2019:18:07:04 +0000] "GET /favicon.ico HTTP/1.1" 200 360
::1 - - [02/Sep/2019:18:08:10 +0000] "GET / HTTP/1.1" 200 360
::1 - - [02/Sep/2019:18:08:11 +0000] "GET /js/app.js HTTP/1.1" 200 15360014
::1 - - [02/Sep/2019:18:08:11 +0000] "GET /login/login.html HTTP/1.1" 200 1188
::1 - - [02/Sep/2019:18:08:11 +0000] "GET /src/img/WL-Logo-Hosrizontal.png HTTP/1.1" 200 360
::1 - - [02/Sep/2019:18:08:11 +0000] "GET /favicon.ico HTTP/1.1" 200 360
::1 - - [02/Sep/2019:18:11:10 +0000] "GET / HTTP/1.1" 200 360
::1 - - [02/Sep/2019:18:11:10 +0000] "GET /js/app.js HTTP/1.1" 200 15360014
::1 - - [02/Sep/2019:18:11:11 +0000] "GET /login/login.html HTTP/1.1" 200 1188
::1 - - [02/Sep/2019:18:11:11 +0000] "GET /src/img/WL-Logo-Hosrizontal.png HTTP/1.1" 200 360
::1 - - [02/Sep/2019:18:11:11 +0000] "GET /favicon.ico HTTP/1.1" 200 360
::1 - - [02/Sep/2019:18:11:49 +0000] "GET / HTTP/1.1" 200 360
::1 - - [02/Sep/2019:18:11:49 +0000] "GET /js/app.js HTTP/1.1" 200 15360014
::1 - - [02/Sep/2019:18:11:50 +0000] "GET /login/login.html HTTP/1.1" 200 1188
::1 - - [02/Sep/2019:18:11:50 +0000] "GET /dist/img/WL-Logo-Hosrizontal.png HTTP/1.1" 200 360
::1 - - [02/Sep/2019:18:11:50 +0000] "GET /favicon.ico HTTP/1.1" 200 360
::1 - - [02/Sep/2019:18:13:03 +0000] "GET / HTTP/1.1" 200 360
::1 - - [02/Sep/2019:18:13:03 +0000] "GET /js/app.js HTTP/1.1" 200 15360014
::1 - - [02/Sep/2019:18:13:04 +0000] "GET /login/login.html HTTP/1.1" 200 1183
::1 - - [02/Sep/2019:18:13:04 +0000] "GET /img/WL-Logo-Hosrizontal.png HTTP/1.1" 200 360
::1 - - [02/Sep/2019:18:13:04 +0000] "GET /favicon.ico HTTP/1.1" 200 360
::1 - - [02/Sep/2019:18:17:13 +0000] "GET / HTTP/1.1" 200 360
::1 - - [02/Sep/2019:18:17:13 +0000] "GET /js/app.js HTTP/1.1" 200 15360014
::1 - - [02/Sep/2019:18:17:13 +0000] "GET /login/login.html HTTP/1.1" 200 1183
::1 - - [02/Sep/2019:18:17:14 +0000] "GET /img/WL-Logo-Hosrizontal.png HTTP/1.1" 200 6743
::1 - - [02/Sep/2019:18:17:14 +0000] "GET /favicon.ico HTTP/1.1" 200 360
::1 - - [02/Sep/2019:18:52:40 +0000] "GET / HTTP/1.1" 200 360
::1 - - [02/Sep/2019:18:52:40 +0000] "GET /js/app.js HTTP/1.1" 200 9408745
::1 - - [02/Sep/2019:18:52:40 +0000] "GET /login/login.html HTTP/1.1" 200 1183
::1 - - [02/Sep/2019:18:52:40 +0000] "GET /img/WL-Logo-Hosrizontal.png HTTP/1.1" 200 6743
::1 - - [02/Sep/2019:18:52:40 +0000] "GET /favicon.ico HTTP/1.1" 200 360
::1 - - [02/Sep/2019:18:54:58 +0000] "POST /api/login HTTP/1.1" - -
::1 - - [02/Sep/2019:19:04:16 +0000] "GET / HTTP/1.1" 200 360
::1 - - [02/Sep/2019:19:04:16 +0000] "GET /js/app.js HTTP/1.1" 200 9408745
::1 - - [02/Sep/2019:19:04:17 +0000] "GET /login/login.html HTTP/1.1" 200 1183
::1 - - [02/Sep/2019:19:04:17 +0000] "GET /img/WL-Logo-Hosrizontal.png HTTP/1.1" 200 6743
::1 - - [02/Sep/2019:19:04:17 +0000] "GET /favicon.ico HTTP/1.1" 200 360
::1 - - [02/Sep/2019:19:06:14 +0000] "GET / HTTP/1.1" 200 360
::1 - - [02/Sep/2019:19:06:14 +0000] "GET /js/app.js HTTP/1.1" 200 9408745
::1 - - [02/Sep/2019:19:06:15 +0000] "GET /login/login.html HTTP/1.1" 200 1183
::1 - - [02/Sep/2019:19:06:15 +0000] "GET /img/WL-Logo-Hosrizontal.png HTTP/1.1" 200 6743
::1 - - [02/Sep/2019:19:06:15 +0000] "GET /favicon.ico HTTP/1.1" 200 360
::1 - - [02/Sep/2019:19:08:19 +0000] "POST /api/login HTTP/1.1" - -
::1 - - [02/Sep/2019:19:10:19 +0000] "POST /api/login HTTP/1.1" - -
::1 - - [02/Sep/2019:19:13:31 +0000] "GET / HTTP/1.1" 200 360
::1 - - [02/Sep/2019:19:13:31 +0000] "GET /js/app.js HTTP/1.1" 200 9408745
::1 - - [02/Sep/2019:19:13:32 +0000] "GET /login/login.html HTTP/1.1" 200 1183
::1 - - [02/Sep/2019:19:13:32 +0000] "GET /img/WL-Logo-Hosrizontal.png HTTP/1.1" 200 6743
::1 - - [02/Sep/2019:19:13:32 +0000] "GET /favicon.ico HTTP/1.1" 200 360
::1 - - [02/Sep/2019:19:18:05 +0000] "POST /api/login HTTP/1.1" - -
::1 - - [02/Sep/2019:19:21:03 +0000] "POST /api/login HTTP/1.1" - -
::1 - - [02/Sep/2019:19:27:02 +0000] "GET /api/createtable HTTP/1.1" - -
::ffff:127.0.0.1 - - [02/Sep/2019:19:27:03 +0000] "GET / HTTP/1.1" 200 360
::ffff:127.0.0.1 - - [02/Sep/2019:19:27:03 +0000] "GET /js/app.js HTTP/1.1" 200 9408745
::ffff:127.0.0.1 - - [02/Sep/2019:19:27:04 +0000] "GET /login/login.html HTTP/1.1" 200 1183
::ffff:127.0.0.1 - - [02/Sep/2019:19:27:04 +0000] "GET /img/WL-Logo-Hosrizontal.png HTTP/1.1" 200 6743
::ffff:127.0.0.1 - - [02/Sep/2019:19:27:04 +0000] "GET /favicon.ico HTTP/1.1" 200 360
::1 - - [02/Sep/2019:19:28:51 +0000] "GET /api/createtable HTTP/1.1" - -
::1 - - [02/Sep/2019:19:30:00 +0000] "GET /api/createtable HTTP/1.1" - -
::1 - - [02/Sep/2019:19:40:25 +0000] "GET /api/adduser HTTP/1.1" 200 360
::1 - - [02/Sep/2019:19:40:25 +0000] "GET /api/js/app.js HTTP/1.1" 200 360
::1 - - [02/Sep/2019:19:40:25 +0000] "GET /favicon.ico HTTP/1.1" 200 360
::1 - - [02/Sep/2019:19:41:26 +0000] "GET /api/adduser HTTP/1.1" 200 360
::1 - - [02/Sep/2019:19:41:26 +0000] "GET /api/js/app.js HTTP/1.1" 200 360
::1 - - [02/Sep/2019:19:41:26 +0000] "GET /favicon.ico HTTP/1.1" 200 360
::1 - - [02/Sep/2019:19:41:45 +0000] "GET /api/createtable HTTP/1.1" - -
::1 - - [02/Sep/2019:19:41:45 +0000] "GET / HTTP/1.1" 200 360
::1 - - [02/Sep/2019:19:41:45 +0000] "GET /js/app.js HTTP/1.1" 200 9408745
::1 - - [02/Sep/2019:19:41:45 +0000] "GET /login/login.html HTTP/1.1" 200 1183
::1 - - [02/Sep/2019:19:41:45 +0000] "GET /img/WL-Logo-Hosrizontal.png HTTP/1.1" 200 6743
::1 - - [02/Sep/2019:19:41:46 +0000] "GET /favicon.ico HTTP/1.1" 200 360
::1 - - [02/Sep/2019:19:41:58 +0000] "GET /api/createtable HTTP/1.1" - -
::1 - - [02/Sep/2019:19:41:58 +0000] "GET /api/adduser HTTP/1.1" 200 360
::1 - - [02/Sep/2019:19:41:58 +0000] "GET /api/js/app.js HTTP/1.1" 200 360
::1 - - [02/Sep/2019:19:41:58 +0000] "GET /favicon.ico HTTP/1.1" 200 360
::1 - - [02/Sep/2019:19:42:22 +0000] "GET /api/adduser HTTP/1.1" 500 1417
::1 - - [02/Sep/2019:19:58:02 +0000] "GET /api/adduser HTTP/1.1" 500 1300
::1 - - [02/Sep/2019:20:01:49 +0000] "GET /api/adduser HTTP/1.1" - -
::1 - - [02/Sep/2019:20:03:49 +0000] "GET /api/adduser HTTP/1.1" - -
::1 - - [02/Sep/2019:20:04:02 +0000] "GET /api/adduser HTTP/1.1" 200 360
::1 - - [02/Sep/2019:20:04:02 +0000] "GET /api/js/app.js HTTP/1.1" 200 360
::1 - - [02/Sep/2019:20:04:02 +0000] "GET /favicon.ico HTTP/1.1" 200 360
::1 - - [02/Sep/2019:20:04:34 +0000] "GET / HTTP/1.1" 200 360
::1 - - [02/Sep/2019:20:04:34 +0000] "GET /js/app.js HTTP/1.1" 200 9408745
::1 - - [02/Sep/2019:20:04:34 +0000] "GET /login/login.html HTTP/1.1" 200 1183
::1 - - [02/Sep/2019:20:04:35 +0000] "GET /img/WL-Logo-Hosrizontal.png HTTP/1.1" 200 6743
::1 - - [02/Sep/2019:20:04:35 +0000] "GET /favicon.ico HTTP/1.1" 200 360
::1 - - [02/Sep/2019:20:06:39 +0000] "POST /api/login HTTP/1.1" - -
::1 - - [02/Sep/2019:20:08:39 +0000] "POST /api/login HTTP/1.1" - -
::1 - - [02/Sep/2019:20:08:48 +0000] "POST /api/login HTTP/1.1" - -
::1 - - [02/Sep/2019:20:14:58 +0000] "POST /api/login HTTP/1.1" - -
::1 - - [03/Sep/2019:00:51:13 +0000] "GET / HTTP/1.1" 200 360
::1 - - [03/Sep/2019:00:51:13 +0000] "GET /js/app.js HTTP/1.1" 200 9408745
::1 - - [03/Sep/2019:00:51:14 +0000] "GET /login/login.html HTTP/1.1" 200 1183
::1 - - [03/Sep/2019:00:51:14 +0000] "GET /img/WL-Logo-Hosrizontal.png HTTP/1.1" 200 6743
::1 - - [03/Sep/2019:00:51:14 +0000] "GET /favicon.ico HTTP/1.1" 200 360
::1 - - [03/Sep/2019:00:51:25 +0000] "POST /api/login HTTP/1.1" 200 55
::1 - - [03/Sep/2019:01:01:56 +0000] "POST /api/login HTTP/1.1" 200 55
::1 - - [03/Sep/2019:01:03:59 +0000] "GET / HTTP/1.1" 200 360
::1 - - [03/Sep/2019:01:03:59 +0000] "GET /js/app.js HTTP/1.1" 200 9410242
::1 - - [03/Sep/2019:01:04:00 +0000] "GET /login/login.html HTTP/1.1" 200 1183
::1 - - [03/Sep/2019:01:04:00 +0000] "GET /img/WL-Logo-Hosrizontal.png HTTP/1.1" 200 6743
::1 - - [03/Sep/2019:01:04:00 +0000] "GET /favicon.ico HTTP/1.1" 200 360
::1 - - [03/Sep/2019:01:14:31 +0000] "POST /api/login HTTP/1.1" 200 55
::1 - - [03/Sep/2019:01:14:31 +0000] "GET /home/home.html HTTP/1.1" 200 584
::1 - - [03/Sep/2019:01:14:31 +0000] "GET /includes/navbar.html HTTP/1.1" 200 338
::1 - - [03/Sep/2019:01:14:31 +0000] "GET /favicon.ico HTTP/1.1" 200 360
::1 - - [03/Sep/2019:01:16:32 +0000] "GET /img/WL-Logo-Hosrizontal.png HTTP/1.1" 200 6743
::1 - - [03/Sep/2019:01:16:32 +0000] "GET /favicon.ico HTTP/1.1" 200 360
::1 - - [03/Sep/2019:01:16:34 +0000] "GET / HTTP/1.1" 200 360
::1 - - [03/Sep/2019:01:16:34 +0000] "GET /js/app.js HTTP/1.1" 200 9410242
::1 - - [03/Sep/2019:01:16:35 +0000] "GET /login/login.html HTTP/1.1" 200 1183
::1 - - [03/Sep/2019:01:16:35 +0000] "GET /img/WL-Logo-Hosrizontal.png HTTP/1.1" 200 6743
::1 - - [03/Sep/2019:01:16:35 +0000] "GET /favicon.ico HTTP/1.1" 200 360
::1 - - [03/Sep/2019:01:16:37 +0000] "POST /api/login HTTP/1.1" 200 55
::1 - - [03/Sep/2019:01:16:37 +0000] "GET /home/home.html HTTP/1.1" 200 584
::1 - - [03/Sep/2019:01:16:37 +0000] "GET /includes/navbar.html HTTP/1.1" 200 338
::1 - - [03/Sep/2019:01:16:37 +0000] "GET /favicon.ico HTTP/1.1" 200 360
::1 - - [03/Sep/2019:03:10:05 +0000] "GET / HTTP/1.1" 200 360
::1 - - [03/Sep/2019:03:10:06 +0000] "GET /js/app.js HTTP/1.1" 200 9410242
::1 - - [03/Sep/2019:03:10:06 +0000] "GET /home/home.html HTTP/1.1" 200 584
::1 - - [03/Sep/2019:03:10:06 +0000] "GET /includes/navbar.html HTTP/1.1" 200 338
::1 - - [03/Sep/2019:03:10:06 +0000] "GET /favicon.ico HTTP/1.1" 200 360
::1 - - [03/Sep/2019:03:10:12 +0000] "GET /login/login.html HTTP/1.1" 200 1183
::1 - - [03/Sep/2019:03:10:12 +0000] "GET /img/WL-Logo-Hosrizontal.png HTTP/1.1" 200 6743
::1 - - [03/Sep/2019:03:10:12 +0000] "GET /favicon.ico HTTP/1.1" 200 360
::1 - - [03/Sep/2019:03:10:14 +0000] "GET / HTTP/1.1" 200 360
::1 - - [03/Sep/2019:03:10:14 +0000] "GET /js/app.js HTTP/1.1" 200 9410242
::1 - - [03/Sep/2019:03:10:14 +0000] "GET /login/login.html HTTP/1.1" 200 1183
::1 - - [03/Sep/2019:03:10:14 +0000] "GET /img/WL-Logo-Hosrizontal.png HTTP/1.1" 200 6743
::1 - - [03/Sep/2019:03:10:15 +0000] "GET /favicon.ico HTTP/1.1" 200 360
::1 - - [03/Sep/2019:03:10:18 +0000] "POST /api/login HTTP/1.1" 200 55
::1 - - [03/Sep/2019:03:10:18 +0000] "GET /home/home.html HTTP/1.1" 200 584
::1 - - [03/Sep/2019:03:10:18 +0000] "GET /includes/navbar.html HTTP/1.1" 200 338
::1 - - [03/Sep/2019:03:10:18 +0000] "GET /favicon.ico HTTP/1.1" 200 360
::1 - - [03/Sep/2019:03:14:20 +0000] "GET /aoi/adduser HTTP/1.1" 200 360
::1 - - [03/Sep/2019:03:14:20 +0000] "GET /aoi/js/app.js HTTP/1.1" 200 360
::1 - - [03/Sep/2019:03:14:20 +0000] "GET /favicon.ico HTTP/1.1" 200 360
::1 - - [03/Sep/2019:03:14:26 +0000] "GET /api/adduser HTTP/1.1" 200 360
::1 - - [03/Sep/2019:03:14:26 +0000] "GET /api/js/app.js HTTP/1.1" 200 360
::1 - - [03/Sep/2019:03:14:26 +0000] "GET /favicon.ico HTTP/1.1" 200 360
::1 - - [03/Sep/2019:03:14:47 +0000] "GET /api/adduser HTTP/1.1" 200 360
::1 - - [03/Sep/2019:03:14:47 +0000] "GET /api/js/app.js HTTP/1.1" 200 360
::1 - - [03/Sep/2019:03:14:47 +0000] "GET /favicon.ico HTTP/1.1" 200 360
::1 - - [03/Sep/2019:03:16:04 +0000] "GET /api/adduser HTTP/1.1" 200 360
::1 - - [03/Sep/2019:03:16:04 +0000] "GET /api/js/app.js HTTP/1.1" 200 360
::1 - - [03/Sep/2019:03:16:04 +0000] "GET /favicon.ico HTTP/1.1" 200 360
::1 - - [03/Sep/2019:03:16:09 +0000] "GET / HTTP/1.1" 200 360
::1 - - [03/Sep/2019:03:16:09 +0000] "GET /js/app.js HTTP/1.1" 200 9410242
::1 - - [03/Sep/2019:03:16:09 +0000] "GET /home/home.html HTTP/1.1" 200 584
::1 - - [03/Sep/2019:03:16:09 +0000] "GET /includes/navbar.html HTTP/1.1" 200 338
::1 - - [03/Sep/2019:03:16:09 +0000] "GET /favicon.ico HTTP/1.1" 200 360
::1 - - [03/Sep/2019:03:19:22 +0000] "GET / HTTP/1.1" 200 360
::1 - - [03/Sep/2019:03:19:22 +0000] "GET /js/app.js HTTP/1.1" 200 9410242
::1 - - [03/Sep/2019:03:19:22 +0000] "GET /login/login.html HTTP/1.1" 200 1183
::1 - - [03/Sep/2019:03:19:22 +0000] "GET /img/WL-Logo-Hosrizontal.png HTTP/1.1" 200 6743
::1 - - [03/Sep/2019:03:19:23 +0000] "GET /favicon.ico HTTP/1.1" 200 360
::1 - - [03/Sep/2019:03:19:30 +0000] "POST /api/login HTTP/1.1" 200 96
::1 - - [03/Sep/2019:03:19:30 +0000] "GET /home/home.html HTTP/1.1" 200 584
::1 - - [03/Sep/2019:03:19:30 +0000] "GET /includes/navbar.html HTTP/1.1" 200 338
::1 - - [03/Sep/2019:03:19:30 +0000] "GET /favicon.ico HTTP/1.1" 200 360
::1 - - [03/Sep/2019:03:33:43 +0000] "GET / HTTP/1.1" 200 360
::1 - - [03/Sep/2019:03:33:43 +0000] "GET /js/app.js HTTP/1.1" 200 9409115
::1 - - [03/Sep/2019:03:33:43 +0000] "GET /home/home.html HTTP/1.1" 200 1452
::1 - - [03/Sep/2019:03:33:43 +0000] "GET /includes/navbar.html HTTP/1.1" 200 338
::1 - - [03/Sep/2019:03:33:43 +0000] "GET /favicon.ico HTTP/1.1" 200 360
::1 - - [03/Sep/2019:03:34:49 +0000] "GET / HTTP/1.1" 200 360
::1 - - [03/Sep/2019:03:34:50 +0000] "GET /js/app.js HTTP/1.1" 200 9409206
::1 - - [03/Sep/2019:03:34:50 +0000] "GET /home/home.html HTTP/1.1" 200 1452
::1 - - [03/Sep/2019:03:34:50 +0000] "GET /includes/navbar.html HTTP/1.1" 200 338
::1 - - [03/Sep/2019:03:34:50 +0000] "GET /favicon.ico HTTP/1.1" 200 360
::1 - - [03/Sep/2019:03:35:40 +0000] "GET / HTTP/1.1" 200 360
::1 - - [03/Sep/2019:03:35:41 +0000] "GET /js/app.js HTTP/1.1" 200 9409206
::1 - - [03/Sep/2019:03:35:41 +0000] "GET /home/home.html HTTP/1.1" 200 1458
::1 - - [03/Sep/2019:03:35:41 +0000] "GET /includes/navbar.html HTTP/1.1" 200 338
::1 - - [03/Sep/2019:03:35:41 +0000] "GET /favicon.ico HTTP/1.1" 200 360
::1 - - [03/Sep/2019:03:36:36 +0000] "GET / HTTP/1.1" 200 360
::1 - - [03/Sep/2019:03:36:36 +0000] "GET /js/app.js HTTP/1.1" 200 9409206
::1 - - [03/Sep/2019:03:36:36 +0000] "GET /login/login.html HTTP/1.1" 200 1183
::1 - - [03/Sep/2019:03:36:36 +0000] "GET /img/WL-Logo-Hosrizontal.png HTTP/1.1" 200 6743
::1 - - [03/Sep/2019:03:36:36 +0000] "GET /favicon.ico HTTP/1.1" 200 360
::1 - - [03/Sep/2019:03:36:38 +0000] "POST /api/login HTTP/1.1" 200 123
::1 - - [03/Sep/2019:03:36:38 +0000] "GET /home/home.html HTTP/1.1" 200 1458
::1 - - [03/Sep/2019:03:36:38 +0000] "GET /includes/navbar.html HTTP/1.1" 200 338
::1 - - [03/Sep/2019:03:36:38 +0000] "GET /favicon.ico HTTP/1.1" 200 360
::1 - - [03/Sep/2019:05:01:52 +0000] "GET / HTTP/1.1" 200 360
::1 - - [03/Sep/2019:05:01:52 +0000] "GET /js/app.js HTTP/1.1" 200 9409206
::1 - - [03/Sep/2019:05:01:52 +0000] "GET /home/home.html HTTP/1.1" 200 1759
::1 - - [03/Sep/2019:05:01:52 +0000] "GET /includes/navbar.html HTTP/1.1" 200 338
::1 - - [03/Sep/2019:05:01:53 +0000] "GET /favicon.ico HTTP/1.1" 200 360
::1 - - [03/Sep/2019:05:25:11 +0000] "GET / HTTP/1.1" 200 360
::1 - - [03/Sep/2019:05:25:11 +0000] "GET /js/app.js HTTP/1.1" 200 9409220
::1 - - [03/Sep/2019:05:25:11 +0000] "GET /home/home.html HTTP/1.1" 200 1855
::1 - - [03/Sep/2019:05:25:11 +0000] "GET /includes/navbar.html HTTP/1.1" 200 338
::1 - - [03/Sep/2019:05:25:11 +0000] "GET /favicon.ico HTTP/1.1" 200 360
::1 - - [03/Sep/2019:05:28:31 +0000] "GET / HTTP/1.1" 200 360
::1 - - [03/Sep/2019:05:28:31 +0000] "GET /js/app.js HTTP/1.1" 200 9409220
::1 - - [03/Sep/2019:05:28:31 +0000] "GET /home/home.html HTTP/1.1" 200 2021
::1 - - [03/Sep/2019:05:28:32 +0000] "GET /includes/navbar.html HTTP/1.1" 200 338
::1 - - [03/Sep/2019:05:28:32 +0000] "GET /favicon.ico HTTP/1.1" 200 360
::1 - - [03/Sep/2019:05:29:24 +0000] "GET / HTTP/1.1" 200 360
::1 - - [03/Sep/2019:05:29:25 +0000] "GET /js/app.js HTTP/1.1" 200 9409220
::1 - - [03/Sep/2019:05:29:25 +0000] "GET /home/home.html HTTP/1.1" 200 2033
::1 - - [03/Sep/2019:05:29:25 +0000] "GET /includes/navbar.html HTTP/1.1" 200 338
::1 - - [03/Sep/2019:05:29:25 +0000] "GET /favicon.ico HTTP/1.1" 200 360
::1 - - [03/Sep/2019:05:30:14 +0000] "GET / HTTP/1.1" 200 360
::1 - - [03/Sep/2019:05:30:14 +0000] "GET /js/app.js HTTP/1.1" 200 9409220
::1 - - [03/Sep/2019:05:30:15 +0000] "GET /home/home.html HTTP/1.1" 200 1875
::1 - - [03/Sep/2019:05:30:15 +0000] "GET /includes/navbar.html HTTP/1.1" 200 338
::1 - - [03/Sep/2019:05:30:15 +0000] "GET /favicon.ico HTTP/1.1" 200 360
::1 - - [03/Sep/2019:05:31:35 +0000] "GET / HTTP/1.1" 200 360
::1 - - [03/Sep/2019:05:31:35 +0000] "GET /js/app.js HTTP/1.1" 200 9409220
::1 - - [03/Sep/2019:05:31:36 +0000] "GET /home/home.html HTTP/1.1" 200 1825
::1 - - [03/Sep/2019:05:31:36 +0000] "GET /includes/navbar.html HTTP/1.1" 200 338
::1 - - [03/Sep/2019:05:31:36 +0000] "GET /favicon.ico HTTP/1.1" 200 360
::1 - - [03/Sep/2019:22:55:05 +0000] "GET / HTTP/1.1" 200 360
::1 - - [03/Sep/2019:22:55:06 +0000] "GET /js/app.js HTTP/1.1" 200 9409220
::1 - - [03/Sep/2019:22:55:06 +0000] "GET /login/login.html HTTP/1.1" 200 1183
::1 - - [03/Sep/2019:22:55:06 +0000] "GET /img/WL-Logo-Hosrizontal.png HTTP/1.1" 200 6743
::1 - - [03/Sep/2019:22:55:06 +0000] "GET /favicon.ico HTTP/1.1" 200 360
::1 - - [03/Sep/2019:22:55:08 +0000] "POST /api/login HTTP/1.1" 200 123
::1 - - [03/Sep/2019:22:55:08 +0000] "GET /home/home.html HTTP/1.1" 200 1825
::1 - - [03/Sep/2019:22:55:08 +0000] "GET /includes/navbar.html HTTP/1.1" 200 338
::1 - - [03/Sep/2019:22:55:08 +0000] "GET /favicon.ico HTTP/1.1" 200 360
::1 - - [04/Sep/2019:02:33:49 +0000] "GET / HTTP/1.1" 200 360
::1 - - [04/Sep/2019:02:33:49 +0000] "GET /js/app.js HTTP/1.1" 200 9409859
::1 - - [04/Sep/2019:02:33:49 +0000] "GET /home/home.html HTTP/1.1" 200 3291
::1 - - [04/Sep/2019:02:33:49 +0000] "GET /includes/navbar.html HTTP/1.1" 200 338
::1 - - [04/Sep/2019:02:33:49 +0000] "GET /favicon.ico HTTP/1.1" 200 360
::1 - - [04/Sep/2019:02:34:59 +0000] "GET / HTTP/1.1" 200 360
::1 - - [04/Sep/2019:02:34:59 +0000] "GET /js/app.js HTTP/1.1" 200 9409859
::1 - - [04/Sep/2019:02:34:59 +0000] "GET /home/home.html HTTP/1.1" 200 3293
::1 - - [04/Sep/2019:02:34:59 +0000] "GET /includes/navbar.html HTTP/1.1" 200 338
::1 - - [04/Sep/2019:02:34:59 +0000] "GET /favicon.ico HTTP/1.1" 200 360
::1 - - [04/Sep/2019:02:35:59 +0000] "GET / HTTP/1.1" 200 360
::1 - - [04/Sep/2019:02:36:00 +0000] "GET /js/app.js HTTP/1.1" 200 9409859
::1 - - [04/Sep/2019:02:36:00 +0000] "GET /home/home.html HTTP/1.1" 200 3309
::1 - - [04/Sep/2019:02:36:00 +0000] "GET /includes/navbar.html HTTP/1.1" 200 338
::1 - - [04/Sep/2019:02:36:00 +0000] "GET /favicon.ico HTTP/1.1" 200 360
::1 - - [04/Sep/2019:02:41:14 +0000] "GET / HTTP/1.1" 200 360
::1 - - [04/Sep/2019:02:41:14 +0000] "GET /js/app.js HTTP/1.1" 200 9409859
::1 - - [04/Sep/2019:02:41:15 +0000] "GET /home/home.html HTTP/1.1" 200 3309
::1 - - [04/Sep/2019:02:41:15 +0000] "GET /includes/navbar.html HTTP/1.1" 200 338
::1 - - [04/Sep/2019:02:41:15 +0000] "GET /favicon.ico HTTP/1.1" 200 360
::1 - - [04/Sep/2019:02:42:15 +0000] "GET / HTTP/1.1" 200 360
::1 - - [04/Sep/2019:02:42:15 +0000] "GET /js/app.js HTTP/1.1" 200 9410154
::1 - - [04/Sep/2019:02:42:15 +0000] "GET /home/home.html HTTP/1.1" 200 3341
::1 - - [04/Sep/2019:02:42:15 +0000] "GET /includes/navbar.html HTTP/1.1" 200 338
::1 - - [04/Sep/2019:02:42:15 +0000] "GET /favicon.ico HTTP/1.1" 200 360
::1 - - [04/Sep/2019:02:47:23 +0000] "GET / HTTP/1.1" 200 360
::1 - - [04/Sep/2019:02:47:23 +0000] "GET /js/app.js HTTP/1.1" 200 9410098
::1 - - [04/Sep/2019:02:47:24 +0000] "GET /home/home.html HTTP/1.1" 200 3341
::1 - - [04/Sep/2019:02:47:24 +0000] "GET /includes/navbar.html HTTP/1.1" 200 338
::1 - - [04/Sep/2019:02:47:24 +0000] "GET /favicon.ico HTTP/1.1" 200 360
::1 - - [04/Sep/2019:02:51:31 +0000] "GET / HTTP/1.1" 200 360
::1 - - [04/Sep/2019:02:51:31 +0000] "GET /js/app.js HTTP/1.1" 200 9410180
::1 - - [04/Sep/2019:02:51:32 +0000] "GET /home/home.html HTTP/1.1" 200 3341
::1 - - [04/Sep/2019:02:51:32 +0000] "GET /includes/navbar.html HTTP/1.1" 200 338
::1 - - [04/Sep/2019:02:51:32 +0000] "GET /favicon.ico HTTP/1.1" 200 360
::1 - - [04/Sep/2019:02:54:12 +0000] "GET / HTTP/1.1" 200 360
::1 - - [04/Sep/2019:02:54:13 +0000] "GET /js/app.js HTTP/1.1" 200 9410292
::1 - - [04/Sep/2019:02:54:13 +0000] "GET /home/home.html HTTP/1.1" 200 3341
::1 - - [04/Sep/2019:02:54:13 +0000] "GET /includes/navbar.html HTTP/1.1" 200 338
::1 - - [04/Sep/2019:02:54:13 +0000] "GET /favicon.ico HTTP/1.1" 200 360
::1 - - [04/Sep/2019:03:01:57 +0000] "GET / HTTP/1.1" 404 244
::1 - - [04/Sep/2019:03:02:11 +0000] "GET / HTTP/1.1" 200 360
::1 - - [04/Sep/2019:03:02:11 +0000] "GET /js/app.js HTTP/1.1" 200 9410350
::1 - - [04/Sep/2019:03:02:11 +0000] "GET /home/home.html HTTP/1.1" 200 3429
::1 - - [04/Sep/2019:03:02:11 +0000] "GET /includes/navbar.html HTTP/1.1" 200 338
::1 - - [04/Sep/2019:03:02:12 +0000] "GET /favicon.ico HTTP/1.1" 200 360
::1 - - [04/Sep/2019:03:03:36 +0000] "GET / HTTP/1.1" 200 360
::1 - - [04/Sep/2019:03:03:36 +0000] "GET /js/app.js HTTP/1.1" 200 9410350
::1 - - [04/Sep/2019:03:03:36 +0000] "GET /home/home.html HTTP/1.1" 200 3428
::1 - - [04/Sep/2019:03:03:37 +0000] "GET /includes/navbar.html HTTP/1.1" 200 338
::1 - - [04/Sep/2019:03:03:37 +0000] "GET /favicon.ico HTTP/1.1" 200 360
::1 - - [04/Sep/2019:03:05:11 +0000] "GET / HTTP/1.1" 200 360
::1 - - [04/Sep/2019:03:05:12 +0000] "GET /js/app.js HTTP/1.1" 200 9410350
::1 - - [04/Sep/2019:03:05:12 +0000] "GET /home/home.html HTTP/1.1" 200 3444
::1 - - [04/Sep/2019:03:05:12 +0000] "GET /includes/navbar.html HTTP/1.1" 200 338
::1 - - [04/Sep/2019:03:05:12 +0000] "GET /favicon.ico HTTP/1.1" 200 360
::1 - - [04/Sep/2019:03:11:08 +0000] "GET / HTTP/1.1" 200 360
::1 - - [04/Sep/2019:03:11:08 +0000] "GET /js/app.js HTTP/1.1" 200 9410350
::1 - - [04/Sep/2019:03:11:08 +0000] "GET /home/home.html HTTP/1.1" 200 3660
::1 - - [04/Sep/2019:03:11:09 +0000] "GET /includes/navbar.html HTTP/1.1" 200 338
::1 - - [04/Sep/2019:03:11:09 +0000] "GET /favicon.ico HTTP/1.1" 200 360
::1 - - [04/Sep/2019:03:12:40 +0000] "GET / HTTP/1.1" 200 360
::1 - - [04/Sep/2019:03:12:40 +0000] "GET /js/app.js HTTP/1.1" 200 9410350
::1 - - [04/Sep/2019:03:12:41 +0000] "GET /home/home.html HTTP/1.1" 200 3656
::1 - - [04/Sep/2019:03:12:41 +0000] "GET /includes/navbar.html HTTP/1.1" 200 338
::1 - - [04/Sep/2019:03:12:41 +0000] "GET /favicon.ico HTTP/1.1" 200 360
::1 - - [04/Sep/2019:03:16:37 +0000] "GET / HTTP/1.1" 404 244
::1 - - [04/Sep/2019:03:16:39 +0000] "GET / HTTP/1.1" 404 244
::1 - - [04/Sep/2019:03:16:45 +0000] "GET / HTTP/1.1" 200 360
::1 - - [04/Sep/2019:03:16:45 +0000] "GET /js/app.js HTTP/1.1" 200 9410350
::1 - - [04/Sep/2019:03:16:45 +0000] "GET /home/home.html HTTP/1.1" 200 3950
::1 - - [04/Sep/2019:03:16:45 +0000] "GET /includes/navbar.html HTTP/1.1" 200 338
::1 - - [04/Sep/2019:03:16:45 +0000] "GET /favicon.ico HTTP/1.1" 200 360
